<?xml version="1.0" encoding="UTF-8"?>
<!-- Generated by org.testng.reporters.JUnitReportReporter -->
<testsuite skipped="0" hostname="DESKTOP-BJ9S1AE" name="com.crm.Orgtest.hello" tests="1" failures="0" timestamp="25 Jan 2022 16:54:57 GMT" time="0.013" errors="0">
  <testcase name="creatTest" time="0.013" classname="com.crm.Orgtest.hello"/>
</testsuite> <!-- com.crm.Orgtest.hello -->
